<?xml version="1.0" encoding="UTF-8"?>
<!-- Generated by org.testng.reporters.JUnitReportReporter -->
<testsuite skipped="0" hostname="DESKTOP-96ON0FM" name="pack4.CreateGroupTC_02" tests="1" failures="0" timestamp="22 Feb 2019 06:53:23 GMT" time="3.473" errors="0">
  <testcase name="testCreateGroupTC_02" time="3.473" classname="pack4.CreateGroupTC_02"/>
</testsuite> <!-- pack4.CreateGroupTC_02 -->
