<?xml version="1.0" encoding="UTF-8"?>
<!-- Generated by org.testng.reporters.JUnitReportReporter -->
<testsuite skipped="0" hostname="DESKTOP-96ON0FM" name="pack4.AssignUserToGroupTC_03" tests="1" failures="0" timestamp="22 Feb 2019 07:01:49 GMT" time="5.996" errors="0">
  <testcase name="testAssignUserToGroupTC_03" time="5.996" classname="pack4.AssignUserToGroupTC_03"/>
</testsuite> <!-- pack4.AssignUserToGroupTC_03 -->
