<?xml version="1.0" encoding="UTF-8"?>
<!-- Generated by org.testng.reporters.JUnitReportReporter -->
<testsuite skipped="0" hostname="DESKTOP-96ON0FM" name="pack4.CreateCustomerTC_01" tests="1" failures="0" timestamp="22 Feb 2019 06:53:23 GMT" time="5.384" errors="0">
  <testcase name="testCreateCustomeTC_01" time="5.384" classname="pack4.CreateCustomerTC_01"/>
</testsuite> <!-- pack4.CreateCustomerTC_01 -->
