<?xml version="1.0" encoding="UTF-8"?>
<!-- Generated by org.testng.reporters.JUnitReportReporter -->
<testsuite skipped="0" hostname="DESKTOP-96ON0FM" name="pack3.DeleteCustomerTC_04" tests="1" failures="0" timestamp="18 Jan 2019 12:00:13 GMT" time="15.243" errors="0">
  <testcase name="testDeleteCustomerTC_04" time="15.243" classname="pack3.DeleteCustomerTC_04"/>
</testsuite> <!-- pack3.DeleteCustomerTC_04 -->
