<?xml version="1.0" encoding="UTF-8"?>
<!-- Generated by org.testng.reporters.JUnitReportReporter -->
<testsuite skipped="0" hostname="DESKTOP-96ON0FM" name="pack3.CreateCustomerTC02" tests="1" failures="0" timestamp="11 Feb 2019 12:39:47 GMT" time="5.306" errors="0">
  <testcase name="testCreateCustomerTC02" time="5.306" classname="pack3.CreateCustomerTC02"/>
</testsuite> <!-- pack3.CreateCustomerTC02 -->
