<?xml version="1.0" encoding="UTF-8"?>
<!-- Generated by org.testng.reporters.JUnitReportReporter -->
<testsuite skipped="0" hostname="DESKTOP-96ON0FM" name="pack3.SubLoginLogout" tests="1" failures="0" timestamp="22 Jan 2019 10:22:01 GMT" time="2.366" errors="0">
  <testcase name="testSubLoginLogout" time="2.366" classname="pack3.SubLoginLogout"/>
</testsuite> <!-- pack3.SubLoginLogout -->
