<?xml version="1.0" encoding="UTF-8"?>
<!-- Generated by org.testng.reporters.JUnitReportReporter -->
<testsuite skipped="0" hostname="DESKTOP-96ON0FM" name="pack3.SubCreateCustomer" tests="1" failures="0" timestamp="22 Jan 2019 10:41:11 GMT" time="3.606" errors="0">
  <testcase name="testSubCreateCustomer" time="3.606" classname="pack3.SubCreateCustomer"/>
</testsuite> <!-- pack3.SubCreateCustomer -->
