<?xml version="1.0" encoding="UTF-8"?>
<!-- Generated by org.testng.reporters.JUnitReportReporter -->
<testsuite skipped="0" hostname="DESKTOP-96ON0FM" name="pack3.LoginLogout" tests="1" failures="0" timestamp="18 Jan 2019 12:00:13 GMT" time="10.697" errors="0">
  <testcase name="testLoginLogout" time="10.697" classname="pack3.LoginLogout"/>
</testsuite> <!-- pack3.LoginLogout -->
