<?xml version="1.0" encoding="UTF-8"?>
<!-- Generated by org.testng.reporters.JUnitReportReporter -->
<testsuite skipped="0" hostname="DESKTOP-96ON0FM" name="pack3.TestScript2" tests="1" failures="0" timestamp="01 Feb 2019 17:37:34 GMT" time="0.007" errors="0">
  <testcase name="integrationTesting" time="0.007" classname="pack3.TestScript2"/>
</testsuite> <!-- pack3.TestScript2 -->
