<?xml version="1.0" encoding="UTF-8"?>
<!-- Generated by org.testng.reporters.JUnitReportReporter -->
<testsuite skipped="0" hostname="DESKTOP-96ON0FM" name="pack3.CreateProjectTC03" tests="1" failures="0" timestamp="11 Feb 2019 16:18:51 GMT" time="6.234" errors="0">
  <testcase name="testCreatePojectTC03" time="6.234" classname="pack3.CreateProjectTC03"/>
</testsuite> <!-- pack3.CreateProjectTC03 -->
