<?xml version="1.0" encoding="UTF-8"?>
<!-- Generated by org.testng.reporters.JUnitReportReporter -->
<testsuite skipped="0" hostname="DESKTOP-96ON0FM" name="pack3.CreateCustomerTC_02" tests="1" failures="0" timestamp="18 Jan 2019 12:00:13 GMT" time="17.410" errors="0">
  <testcase name="testCreateCustomerTC_02" time="17.410" classname="pack3.CreateCustomerTC_02"/>
</testsuite> <!-- pack3.CreateCustomerTC_02 -->
