<?xml version="1.0" encoding="UTF-8"?>
<!-- Generated by org.testng.reporters.JUnitReportReporter -->
<testsuite skipped="0" hostname="DESKTOP-96ON0FM" name="pack3.CreateProjectTC_03" tests="1" failures="0" timestamp="18 Jan 2019 12:00:13 GMT" time="12.711" errors="0">
  <testcase name="testCreateProjectTC_03" time="12.711" classname="pack3.CreateProjectTC_03"/>
</testsuite> <!-- pack3.CreateProjectTC_03 -->
