<?xml version="1.0" encoding="UTF-8"?>
<!-- Generated by org.testng.reporters.JUnitReportReporter -->
<testsuite skipped="0" hostname="DESKTOP-96ON0FM" name="pack3.FinalCreateCustomer" tests="1" failures="0" timestamp="25 Jan 2019 08:40:15 GMT" time="3.715" errors="0">
  <testcase name="testFinalCreateCustomer" time="3.715" classname="pack3.FinalCreateCustomer"/>
</testsuite> <!-- pack3.FinalCreateCustomer -->
