<?xml version="1.0" encoding="UTF-8"?>
<!-- Generated by org.testng.reporters.JUnitReportReporter -->
<testsuite skipped="0" hostname="DESKTOP-96ON0FM" name="pack3.LoginLogoutTC_01" tests="1" failures="0" timestamp="06 Feb 2019 06:47:20 GMT" time="17.119" errors="0">
  <testcase name="testLoginLogoutTC_01" time="17.119" classname="pack3.LoginLogoutTC_01"/>
</testsuite> <!-- pack3.LoginLogoutTC_01 -->
